# JRE version: Java(TM) SE Runtime Environment (17.0.2+8) (build 17.0.2+8-LTS-86)
# Java VM: Java HotSpot(TM) 64-Bit Server VM (17.0.2+8-LTS-86, mixed mode, sharing, tiered, compressed oops, compressed class ptrs, g1 gc, windows-amd64)
GC Precious Log:
 CPUs: 8 total, 8 available
 Memory: 14272M
 Large Page Support: Disabled
 NUMA Support: Disabled
 Compressed Oops: Enabled (Zero based)
 Heap Region Size: 2M
 Heap Min Capacity: 8M
 Heap Initial Capacity: 224M
 Heap Max Capacity: 3570M
 Pre-touch: Disabled
 Parallel Workers: 8
 Concurrent Workers: 2
 Concurrent Refinement Workers: 8
 Periodic GC: Disabled
Heap:
 garbage-first heap   total 55296K, used 19693K [0x0000000720e00000, 0x0000000800000000)
  region size 2048K, 4 young (8192K), 2 survivors (4096K)
 Metaspace       used 33106K, committed 33536K, reserved 1081344K
  class space    used 4685K, committed 4864K, reserved 1048576K
GC Heap History (14 events):
Event: 1.123 GC heap before
{Heap before GC invocations=0 (full 0):
 garbage-first heap   total 229376K, used 20480K [0x0000000720e00000, 0x0000000800000000)
  region size 2048K, 11 young (22528K), 0 survivors (0K)
 Metaspace       used 4535K, committed 4736K, reserved 1056768K
  class space    used 523K, committed 640K, reserved 1048576K
}
Event: 1.129 GC heap after
{Heap after GC invocations=1 (full 0):
 garbage-first heap   total 229376K, used 7110K [0x0000000720e00000, 0x0000000800000000)
  region size 2048K, 2 young (4096K), 2 survivors (4096K)
 Metaspace       used 4535K, committed 4736K, reserved 1056768K
  class space    used 523K, committed 640K, reserved 1048576K
}
Event: 2.284 GC heap before
{Heap before GC invocations=1 (full 0):
 garbage-first heap   total 229376K, used 31686K [0x0000000720e00000, 0x0000000800000000)
  region size 2048K, 15 young (30720K), 2 survivors (4096K)
 Metaspace       used 10824K, committed 11072K, reserved 1064960K
  class space    used 1424K, committed 1536K, reserved 1048576K
}
Event: 2.289 GC heap after
{Heap after GC invocations=2 (full 0):
 garbage-first heap   total 229376K, used 9441K [0x0000000720e00000, 0x0000000800000000)
  region size 2048K, 2 young (4096K), 2 survivors (4096K)
 Metaspace       used 10824K, committed 11072K, reserved 1064960K
  class space    used 1424K, committed 1536K, reserved 1048576K
}
Event: 3.443 GC heap before
{Heap before GC invocations=2 (full 0):
 garbage-first heap   total 229376K, used 56545K [0x0000000720e00000, 0x0000000800000000)
  region size 2048K, 26 young (53248K), 2 survivors (4096K)
 Metaspace       used 21230K, committed 21504K, reserved 1073152K
  class space    used 2783K, committed 2944K, reserved 1048576K
}
Event: 3.450 GC heap after
{Heap after GC invocations=3 (full 0):
 garbage-first heap   total 229376K, used 13253K [0x0000000720e00000, 0x0000000800000000)
  region size 2048K, 3 young (6144K), 3 survivors (6144K)
 Metaspace       used 21230K, committed 21504K, reserved 1073152K
  class space    used 2783K, committed 2944K, reserved 1048576K
}
Event: 4.245 GC heap before
{Heap before GC invocations=4 (full 0):
 garbage-first heap   total 55296K, used 39877K [0x0000000720e00000, 0x0000000800000000)
  region size 2048K, 16 young (32768K), 3 survivors (6144K)
 Metaspace       used 25297K, committed 25664K, reserved 1073152K
  class space    used 3360K, committed 3520K, reserved 1048576K
}
Event: 4.256 GC heap after
{Heap after GC invocations=5 (full 0):
 garbage-first heap   total 55296K, used 15033K [0x0000000720e00000, 0x0000000800000000)
  region size 2048K, 2 young (4096K), 2 survivors (4096K)
 Metaspace       used 25297K, committed 25664K, reserved 1073152K
  class space    used 3360K, committed 3520K, reserved 1048576K
}
Event: 4.316 GC heap before
{Heap before GC invocations=5 (full 0):
 garbage-first heap   total 55296K, used 17081K [0x0000000720e00000, 0x0000000800000000)
  region size 2048K, 3 young (6144K), 2 survivors (4096K)
 Metaspace       used 25744K, committed 26176K, reserved 1073152K
  class space    used 3464K, committed 3648K, reserved 1048576K
}
Event: 4.325 GC heap after
{Heap after GC invocations=6 (full 0):
 garbage-first heap   total 55296K, used 15268K [0x0000000720e00000, 0x0000000800000000)
  region size 2048K, 1 young (2048K), 1 survivors (2048K)
 Metaspace       used 25744K, committed 26176K, reserved 1073152K
  class space    used 3464K, committed 3648K, reserved 1048576K
}
Event: 4.939 GC heap before
{Heap before GC invocations=6 (full 0):
 garbage-first heap   total 55296K, used 33700K [0x0000000720e00000, 0x0000000800000000)
  region size 2048K, 10 young (20480K), 1 survivors (2048K)
 Metaspace       used 29242K, committed 29696K, reserved 1081344K
  class space    used 4135K, committed 4352K, reserved 1048576K
}
Event: 4.944 GC heap after
{Heap after GC invocations=7 (full 0):
 garbage-first heap   total 55296K, used 15710K [0x0000000720e00000, 0x0000000800000000)
  region size 2048K, 1 young (2048K), 1 survivors (2048K)
 Metaspace       used 29242K, committed 29696K, reserved 1081344K
  class space    used 4135K, committed 4352K, reserved 1048576K
}
Event: 5.740 GC heap before
{Heap before GC invocations=7 (full 0):
 garbage-first heap   total 55296K, used 36190K [0x0000000720e00000, 0x0000000800000000)
  region size 2048K, 11 young (22528K), 1 survivors (2048K)
 Metaspace       used 32641K, committed 33024K, reserved 1081344K
  class space    used 4629K, committed 4800K, reserved 1048576K
}
Event: 5.750 GC heap after
{Heap after GC invocations=8 (full 0):
 garbage-first heap   total 55296K, used 17645K [0x0000000720e00000, 0x0000000800000000)
  region size 2048K, 2 young (4096K), 2 survivors (4096K)
 Metaspace       used 32641K, committed 33024K, reserved 1081344K
  class space    used 4629K, committed 4800K, reserved 1048576K
}

