# JRE version: Java(TM) SE Runtime Environment (17.0.2+8) (build 17.0.2+8-LTS-86)
# Java VM: Java HotSpot(TM) 64-Bit Server VM (17.0.2+8-LTS-86, mixed mode, sharing, tiered, compressed oops, compressed class ptrs, g1 gc, windows-amd64)
GC Precious Log:
 CPUs: 8 total, 8 available
 Memory: 14272M
 Large Page Support: Disabled
 NUMA Support: Disabled
 Compressed Oops: Enabled (Zero based)
 Heap Region Size: 2M
 Heap Min Capacity: 8M
 Heap Initial Capacity: 224M
 Heap Max Capacity: 3570M
 Pre-touch: Disabled
 Parallel Workers: 8
 Concurrent Workers: 2
 Concurrent Refinement Workers: 8
 Periodic GC: Disabled
Heap:
 garbage-first heap   total 61440K, used 36523K [0x0000000720e00000, 0x0000000800000000)
  region size 2048K, 12 young (24576K), 1 survivors (2048K)
 Metaspace       used 28012K, committed 28416K, reserved 1081344K
  class space    used 3710K, committed 3904K, reserved 1048576K
GC Heap History (10 events):
Event: 2.032 GC heap before
{Heap before GC invocations=0 (full 0):
 garbage-first heap   total 229376K, used 20480K [0x0000000720e00000, 0x0000000800000000)
  region size 2048K, 11 young (22528K), 0 survivors (0K)
 Metaspace       used 4341K, committed 4480K, reserved 1056768K
  class space    used 516K, committed 576K, reserved 1048576K
}
Event: 2.040 GC heap after
{Heap after GC invocations=1 (full 0):
 garbage-first heap   total 229376K, used 7488K [0x0000000720e00000, 0x0000000800000000)
  region size 2048K, 2 young (4096K), 2 survivors (4096K)
 Metaspace       used 4341K, committed 4480K, reserved 1056768K
  class space    used 516K, committed 576K, reserved 1048576K
}
Event: 4.078 GC heap before
{Heap before GC invocations=1 (full 0):
 garbage-first heap   total 229376K, used 32064K [0x0000000720e00000, 0x0000000800000000)
  region size 2048K, 14 young (28672K), 2 survivors (4096K)
 Metaspace       used 10751K, committed 10944K, reserved 1064960K
  class space    used 1352K, committed 1472K, reserved 1048576K
}
Event: 4.088 GC heap after
{Heap after GC invocations=2 (full 0):
 garbage-first heap   total 229376K, used 9479K [0x0000000720e00000, 0x0000000800000000)
  region size 2048K, 1 young (2048K), 1 survivors (2048K)
 Metaspace       used 10751K, committed 10944K, reserved 1064960K
  class space    used 1352K, committed 1472K, reserved 1048576K
}
Event: 7.191 GC heap before
{Heap before GC invocations=2 (full 0):
 garbage-first heap   total 229376K, used 58631K [0x0000000720e00000, 0x0000000800000000)
  region size 2048K, 27 young (55296K), 1 survivors (2048K)
 Metaspace       used 21272K, committed 21504K, reserved 1073152K
  class space    used 2747K, committed 2880K, reserved 1048576K
}
Event: 7.209 GC heap after
{Heap after GC invocations=3 (full 0):
 garbage-first heap   total 229376K, used 13971K [0x0000000720e00000, 0x0000000800000000)
  region size 2048K, 4 young (8192K), 4 survivors (8192K)
 Metaspace       used 21272K, committed 21504K, reserved 1073152K
  class space    used 2747K, committed 2880K, reserved 1048576K
}
Event: 10.033 GC heap before
{Heap before GC invocations=4 (full 0):
 garbage-first heap   total 61440K, used 42643K [0x0000000720e00000, 0x0000000800000000)
  region size 2048K, 18 young (36864K), 4 survivors (8192K)
 Metaspace       used 24254K, committed 24640K, reserved 1073152K
  class space    used 3142K, committed 3328K, reserved 1048576K
}
Event: 10.056 GC heap after
{Heap after GC invocations=5 (full 0):
 garbage-first heap   total 61440K, used 15731K [0x0000000720e00000, 0x0000000800000000)
  region size 2048K, 2 young (4096K), 2 survivors (4096K)
 Metaspace       used 24254K, committed 24640K, reserved 1073152K
  class space    used 3142K, committed 3328K, reserved 1048576K
}
Event: 10.366 GC heap before
{Heap before GC invocations=5 (full 0):
 garbage-first heap   total 61440K, used 17779K [0x0000000720e00000, 0x0000000800000000)
  region size 2048K, 3 young (6144K), 2 survivors (4096K)
 Metaspace       used 24489K, committed 24768K, reserved 1073152K
  class space    used 3184K, committed 3328K, reserved 1048576K
}
Event: 10.381 GC heap after
{Heap after GC invocations=6 (full 0):
 garbage-first heap   total 61440K, used 16043K [0x0000000720e00000, 0x0000000800000000)
  region size 2048K, 1 young (2048K), 1 survivors (2048K)
 Metaspace       used 24489K, committed 24768K, reserved 1073152K
  class space    used 3184K, committed 3328K, reserved 1048576K
}

