# JRE version: Java(TM) SE Runtime Environment (17.0.2+8) (build 17.0.2+8-LTS-86)
# Java VM: Java HotSpot(TM) 64-Bit Server VM (17.0.2+8-LTS-86, mixed mode, sharing, tiered, compressed oops, compressed class ptrs, g1 gc, windows-amd64)
GC Precious Log:
 CPUs: 8 total, 8 available
 Memory: 14272M
 Large Page Support: Disabled
 NUMA Support: Disabled
 Compressed Oops: Enabled (Zero based)
 Heap Region Size: 2M
 Heap Min Capacity: 8M
 Heap Initial Capacity: 224M
 Heap Max Capacity: 3570M
 Pre-touch: Disabled
 Parallel Workers: 8
 Concurrent Workers: 2
 Concurrent Refinement Workers: 8
 Periodic GC: Disabled
Heap:
 garbage-first heap   total 61440K, used 33679K [0x0000000720e00000, 0x0000000800000000)
  region size 2048K, 4 young (8192K), 2 survivors (4096K)
 Metaspace       used 73258K, committed 73792K, reserved 1114112K
  class space    used 10117K, committed 10368K, reserved 1048576K
GC Heap History (20 events):
Event: 9.171 GC heap before
{Heap before GC invocations=9 (full 0):
 garbage-first heap   total 61440K, used 42684K [0x0000000720e00000, 0x0000000800000000)
  region size 2048K, 13 young (26624K), 2 survivors (4096K)
 Metaspace       used 44172K, committed 44608K, reserved 1089536K
  class space    used 5861K, committed 6016K, reserved 1048576K
}
Event: 9.176 GC heap after
{Heap after GC invocations=10 (full 0):
 garbage-first heap   total 61440K, used 22327K [0x0000000720e00000, 0x0000000800000000)
  region size 2048K, 2 young (4096K), 2 survivors (4096K)
 Metaspace       used 44172K, committed 44608K, reserved 1089536K
  class space    used 5861K, committed 6016K, reserved 1048576K
}
Event: 9.710 GC heap before
{Heap before GC invocations=10 (full 0):
 garbage-first heap   total 61440K, used 42807K [0x0000000720e00000, 0x0000000800000000)
  region size 2048K, 13 young (26624K), 2 survivors (4096K)
 Metaspace       used 47981K, committed 48448K, reserved 1097728K
  class space    used 6364K, committed 6592K, reserved 1048576K
}
Event: 9.714 GC heap after
{Heap after GC invocations=11 (full 0):
 garbage-first heap   total 61440K, used 23671K [0x0000000720e00000, 0x0000000800000000)
  region size 2048K, 2 young (4096K), 2 survivors (4096K)
 Metaspace       used 47981K, committed 48448K, reserved 1097728K
  class space    used 6364K, committed 6592K, reserved 1048576K
}
Event: 10.398 GC heap before
{Heap before GC invocations=11 (full 0):
 garbage-first heap   total 61440K, used 42103K [0x0000000720e00000, 0x0000000800000000)
  region size 2048K, 12 young (24576K), 2 survivors (4096K)
 Metaspace       used 53037K, committed 53568K, reserved 1097728K
  class space    used 7101K, committed 7360K, reserved 1048576K
}
Event: 10.402 GC heap after
{Heap after GC invocations=12 (full 0):
 garbage-first heap   total 61440K, used 24458K [0x0000000720e00000, 0x0000000800000000)
  region size 2048K, 2 young (4096K), 2 survivors (4096K)
 Metaspace       used 53037K, committed 53568K, reserved 1097728K
  class space    used 7101K, committed 7360K, reserved 1048576K
}
Event: 10.975 GC heap before
{Heap before GC invocations=12 (full 0):
 garbage-first heap   total 61440K, used 44938K [0x0000000720e00000, 0x0000000800000000)
  region size 2048K, 12 young (24576K), 2 survivors (4096K)
 Metaspace       used 57310K, committed 57856K, reserved 1105920K
  class space    used 7807K, committed 8064K, reserved 1048576K
}
Event: 10.979 GC heap after
{Heap after GC invocations=13 (full 0):
 garbage-first heap   total 61440K, used 25016K [0x0000000720e00000, 0x0000000800000000)
  region size 2048K, 2 young (4096K), 2 survivors (4096K)
 Metaspace       used 57310K, committed 57856K, reserved 1105920K
  class space    used 7807K, committed 8064K, reserved 1048576K
}
Event: 12.169 GC heap before
{Heap before GC invocations=13 (full 0):
 garbage-first heap   total 61440K, used 35256K [0x0000000720e00000, 0x0000000800000000)
  region size 2048K, 8 young (16384K), 2 survivors (4096K)
 Metaspace       used 59793K, committed 60288K, reserved 1105920K
  class space    used 8161K, committed 8384K, reserved 1048576K
}
Event: 12.173 GC heap after
{Heap after GC invocations=14 (full 0):
 garbage-first heap   total 61440K, used 25517K [0x0000000720e00000, 0x0000000800000000)
  region size 2048K, 2 young (4096K), 2 survivors (4096K)
 Metaspace       used 59793K, committed 60288K, reserved 1105920K
  class space    used 8161K, committed 8384K, reserved 1048576K
}
Event: 12.622 GC heap before
{Heap before GC invocations=15 (full 0):
 garbage-first heap   total 61440K, used 45997K [0x0000000720e00000, 0x0000000800000000)
  region size 2048K, 12 young (24576K), 2 survivors (4096K)
 Metaspace       used 62085K, committed 62592K, reserved 1105920K
  class space    used 8483K, committed 8704K, reserved 1048576K
}
Event: 12.626 GC heap after
{Heap after GC invocations=16 (full 0):
 garbage-first heap   total 61440K, used 27044K [0x0000000720e00000, 0x0000000800000000)
  region size 2048K, 2 young (4096K), 2 survivors (4096K)
 Metaspace       used 62085K, committed 62592K, reserved 1105920K
  class space    used 8483K, committed 8704K, reserved 1048576K
}
Event: 12.823 GC heap before
{Heap before GC invocations=16 (full 0):
 garbage-first heap   total 61440K, used 45476K [0x0000000720e00000, 0x0000000800000000)
  region size 2048K, 11 young (22528K), 2 survivors (4096K)
 Metaspace       used 62453K, committed 62976K, reserved 1105920K
  class space    used 8527K, committed 8768K, reserved 1048576K
}
Event: 12.827 GC heap after
{Heap after GC invocations=17 (full 0):
 garbage-first heap   total 61440K, used 27771K [0x0000000720e00000, 0x0000000800000000)
  region size 2048K, 2 young (4096K), 2 survivors (4096K)
 Metaspace       used 62453K, committed 62976K, reserved 1105920K
  class space    used 8527K, committed 8768K, reserved 1048576K
}
Event: 13.325 GC heap before
{Heap before GC invocations=17 (full 0):
 garbage-first heap   total 61440K, used 48251K [0x0000000720e00000, 0x0000000800000000)
  region size 2048K, 12 young (24576K), 2 survivors (4096K)
 Metaspace       used 65025K, committed 65536K, reserved 1105920K
  class space    used 8874K, committed 9088K, reserved 1048576K
}
Event: 13.329 GC heap after
{Heap after GC invocations=18 (full 0):
 garbage-first heap   total 61440K, used 29700K [0x0000000720e00000, 0x0000000800000000)
  region size 2048K, 2 young (4096K), 2 survivors (4096K)
 Metaspace       used 65025K, committed 65536K, reserved 1105920K
  class space    used 8874K, committed 9088K, reserved 1048576K
}
Event: 13.800 GC heap before
{Heap before GC invocations=18 (full 0):
 garbage-first heap   total 61440K, used 46084K [0x0000000720e00000, 0x0000000800000000)
  region size 2048K, 11 young (22528K), 2 survivors (4096K)
 Metaspace       used 68859K, committed 69440K, reserved 1114112K
  class space    used 9437K, committed 9728K, reserved 1048576K
}
Event: 13.805 GC heap after
{Heap after GC invocations=19 (full 0):
 garbage-first heap   total 61440K, used 30591K [0x0000000720e00000, 0x0000000800000000)
  region size 2048K, 2 young (4096K), 2 survivors (4096K)
 Metaspace       used 68859K, committed 69440K, reserved 1114112K
  class space    used 9437K, committed 9728K, reserved 1048576K
}
Event: 14.356 GC heap before
{Heap before GC invocations=20 (full 0):
 garbage-first heap   total 61440K, used 49023K [0x0000000720e00000, 0x0000000800000000)
  region size 2048K, 11 young (22528K), 2 survivors (4096K)
 Metaspace       used 72853K, committed 73408K, reserved 1114112K
  class space    used 10054K, committed 10304K, reserved 1048576K
}
Event: 14.360 GC heap after
{Heap after GC invocations=21 (full 0):
 garbage-first heap   total 61440K, used 31631K [0x0000000720e00000, 0x0000000800000000)
  region size 2048K, 2 young (4096K), 2 survivors (4096K)
 Metaspace       used 72853K, committed 73408K, reserved 1114112K
  class space    used 10054K, committed 10304K, reserved 1048576K
}

