# JRE version: Java(TM) SE Runtime Environment (17.0.2+8) (build 17.0.2+8-LTS-86)
# Java VM: Java HotSpot(TM) 64-Bit Server VM (17.0.2+8-LTS-86, mixed mode, sharing, tiered, compressed oops, compressed class ptrs, g1 gc, windows-amd64)
GC Precious Log:
 CPUs: 8 total, 8 available
 Memory: 14272M
 Large Page Support: Disabled
 NUMA Support: Disabled
 Compressed Oops: Enabled (Zero based)
 Heap Region Size: 2M
 Heap Min Capacity: 8M
 Heap Initial Capacity: 224M
 Heap Max Capacity: 3570M
 Pre-touch: Disabled
 Parallel Workers: 8
 Concurrent Workers: 2
 Concurrent Refinement Workers: 8
 Periodic GC: Disabled
Heap:
 garbage-first heap   total 81920K, used 25395K [0x0000000720e00000, 0x0000000800000000)
  region size 2048K, 5 young (10240K), 1 survivors (2048K)
 Metaspace       used 33533K, committed 34048K, reserved 1081344K
  class space    used 4425K, committed 4672K, reserved 1048576K
GC Heap History (14 events):
Event: 1.226 GC heap before
{Heap before GC invocations=0 (full 0):
 garbage-first heap   total 229376K, used 20480K [0x0000000720e00000, 0x0000000800000000)
  region size 2048K, 11 young (22528K), 0 survivors (0K)
 Metaspace       used 4311K, committed 4480K, reserved 1056768K
  class space    used 499K, committed 576K, reserved 1048576K
}
Event: 1.230 GC heap after
{Heap after GC invocations=1 (full 0):
 garbage-first heap   total 229376K, used 7053K [0x0000000720e00000, 0x0000000800000000)
  region size 2048K, 2 young (4096K), 2 survivors (4096K)
 Metaspace       used 4311K, committed 4480K, reserved 1056768K
  class space    used 499K, committed 576K, reserved 1048576K
}
Event: 2.315 GC heap before
{Heap before GC invocations=1 (full 0):
 garbage-first heap   total 229376K, used 31629K [0x0000000720e00000, 0x0000000800000000)
  region size 2048K, 14 young (28672K), 2 survivors (4096K)
 Metaspace       used 10562K, committed 10816K, reserved 1064960K
  class space    used 1330K, committed 1472K, reserved 1048576K
}
Event: 2.320 GC heap after
{Heap after GC invocations=2 (full 0):
 garbage-first heap   total 229376K, used 9174K [0x0000000720e00000, 0x0000000800000000)
  region size 2048K, 1 young (2048K), 1 survivors (2048K)
 Metaspace       used 10562K, committed 10816K, reserved 1064960K
  class space    used 1330K, committed 1472K, reserved 1048576K
}
Event: 3.401 GC heap before
{Heap before GC invocations=2 (full 0):
 garbage-first heap   total 229376K, used 62422K [0x0000000720e00000, 0x0000000800000000)
  region size 2048K, 28 young (57344K), 1 survivors (2048K)
 Metaspace       used 21284K, committed 21504K, reserved 1073152K
  class space    used 2754K, committed 2880K, reserved 1048576K
}
Event: 3.407 GC heap after
{Heap after GC invocations=3 (full 0):
 garbage-first heap   total 229376K, used 13775K [0x0000000720e00000, 0x0000000800000000)
  region size 2048K, 4 young (8192K), 4 survivors (8192K)
 Metaspace       used 21284K, committed 21504K, reserved 1073152K
  class space    used 2754K, committed 2880K, reserved 1048576K
}
Event: 4.192 GC heap before
{Heap before GC invocations=4 (full 0):
 garbage-first heap   total 61440K, used 42447K [0x0000000720e00000, 0x0000000800000000)
  region size 2048K, 18 young (36864K), 4 survivors (8192K)
 Metaspace       used 24297K, committed 24640K, reserved 1073152K
  class space    used 3147K, committed 3328K, reserved 1048576K
}
Event: 4.201 GC heap after
{Heap after GC invocations=5 (full 0):
 garbage-first heap   total 61440K, used 15102K [0x0000000720e00000, 0x0000000800000000)
  region size 2048K, 2 young (4096K), 2 survivors (4096K)
 Metaspace       used 24297K, committed 24640K, reserved 1073152K
  class space    used 3147K, committed 3328K, reserved 1048576K
}
Event: 4.264 GC heap before
{Heap before GC invocations=5 (full 0):
 garbage-first heap   total 61440K, used 17150K [0x0000000720e00000, 0x0000000800000000)
  region size 2048K, 3 young (6144K), 2 survivors (4096K)
 Metaspace       used 24532K, committed 24832K, reserved 1073152K
  class space    used 3189K, committed 3328K, reserved 1048576K
}
Event: 4.271 GC heap after
{Heap after GC invocations=6 (full 0):
 garbage-first heap   total 61440K, used 15713K [0x0000000720e00000, 0x0000000800000000)
  region size 2048K, 1 young (2048K), 1 survivors (2048K)
 Metaspace       used 24532K, committed 24832K, reserved 1073152K
  class space    used 3189K, committed 3328K, reserved 1048576K
}
Event: 4.992 GC heap before
{Heap before GC invocations=6 (full 0):
 garbage-first heap   total 61440K, used 38241K [0x0000000720e00000, 0x0000000800000000)
  region size 2048K, 12 young (24576K), 1 survivors (2048K)
 Metaspace       used 28137K, committed 28544K, reserved 1081344K
  class space    used 3744K, committed 3904K, reserved 1048576K
}
Event: 4.999 GC heap after
{Heap after GC invocations=7 (full 0):
 garbage-first heap   total 61440K, used 17619K [0x0000000720e00000, 0x0000000800000000)
  region size 2048K, 2 young (4096K), 2 survivors (4096K)
 Metaspace       used 28137K, committed 28544K, reserved 1081344K
  class space    used 3744K, committed 3904K, reserved 1048576K
}
Event: 5.623 GC heap before
{Heap before GC invocations=7 (full 0):
 garbage-first heap   total 61440K, used 40147K [0x0000000720e00000, 0x0000000800000000)
  region size 2048K, 13 young (26624K), 2 survivors (4096K)
 Metaspace       used 31827K, committed 32256K, reserved 1081344K
  class space    used 4206K, committed 4416K, reserved 1048576K
}
Event: 5.628 GC heap after
{Heap after GC invocations=8 (full 0):
 garbage-first heap   total 81920K, used 19251K [0x0000000720e00000, 0x0000000800000000)
  region size 2048K, 1 young (2048K), 1 survivors (2048K)
 Metaspace       used 31827K, committed 32256K, reserved 1081344K
  class space    used 4206K, committed 4416K, reserved 1048576K
}

